2026-05-07 16:21:58,710 - INFO - HTTP Request: GET https://api.gradio.app/gradio-messaging/en "HTTP/1.1 200 OK"
2026-05-07 16:22:01,230 - ERROR - FATAL ERROR: No module named 'keyring'
2026-05-07 16:22:01,240 - ERROR - Traceback (most recent call last):
  File "app.py", line 14, in <module>
    from src.uploader.web_ui import create_uploader_app
  File "pyimod02_importers.py", line 457, in exec_module
  File "src\uploader\web_ui.py", line 15, in <module>
    from .auth_service import AuthService
  File "pyimod02_importers.py", line 457, in exec_module
  File "src\uploader\auth_service.py", line 6, in <module>
    import keyring
ModuleNotFoundError: No module named 'keyring'


============================================================
ERROR: No module named 'keyring'
============================================================
Details:
Traceback (most recent call last):
  File "app.py", line 14, in <module>
    from src.uploader.web_ui import create_uploader_app
  File "pyimod02_importers.py", line 457, in exec_module
  File "src\uploader\web_ui.py", line 15, in <module>
    from .auth_service import AuthService
  File "pyimod02_importers.py", line 457, in exec_module
  File "src\uploader\auth_service.py", line 6, in <module>
    import keyring
ModuleNotFoundError: No module named 'keyring'


For debugging, see: ~/.birdnet-uploader/logs/
Or run: python debug.bat

Press Enter to close...
