[DEBUG] Verbose logging enabled
Found 1 audio files (32044 bytes) under .\test_upload_segments
[DEBUG] Species breakdown: ['speciesA']
[INFO] birdnet_uploader.repo_service: GET https://huggingface.co/api/datasets/jrrribeiro/ppbio_teste3 (attempt 1)
[WARNING] birdnet_uploader.repo_service: GET https://huggingface.co/api/datasets/jrrribeiro/ppbio_teste3 failed on attempt 1: HTTPSConnectionPool(host='huggingface.co', port=443): Read timed out. (read timeout=5)
[INFO] birdnet_uploader.repo_service: GET https://huggingface.co/api/datasets/jrrribeiro/ppbio_teste3 (attempt 2)
[WARNING] birdnet_uploader.repo_service: GET https://huggingface.co/api/datasets/jrrribeiro/ppbio_teste3 failed on attempt 2: HTTPSConnectionPool(host='huggingface.co', port=443): Read timed out. (read timeout=5)
[INFO] birdnet_uploader.repo_service: GET https://huggingface.co/api/datasets/jrrribeiro/ppbio_teste3 (attempt 3)
[INFO] birdnet_uploader.repo_service: GET https://huggingface.co/api/datasets/jrrribeiro/ppbio_teste3 -> 200 in 0.79s
[INFO] birdnet_uploader.repo_service: HEAD https://huggingface.co/datasets/jrrribeiro/ppbio_teste3/resolve/main/index/manifest.json (attempt 1)
[WARNING] birdnet_uploader.repo_service: HEAD https://huggingface.co/datasets/jrrribeiro/ppbio_teste3/resolve/main/index/manifest.json failed on attempt 1: HTTPSConnectionPool(host='huggingface.co', port=443): Read timed out. (read timeout=5)
[INFO] birdnet_uploader.repo_service: HEAD https://huggingface.co/datasets/jrrribeiro/ppbio_teste3/resolve/main/index/manifest.json (attempt 2)
[WARNING] birdnet_uploader.repo_service: HEAD https://huggingface.co/datasets/jrrribeiro/ppbio_teste3/resolve/main/index/manifest.json failed on attempt 2: HTTPSConnectionPool(host='huggingface.co', port=443): Read timed out. (read timeout=5)
[INFO] birdnet_uploader.repo_service: HEAD https://huggingface.co/datasets/jrrribeiro/ppbio_teste3/resolve/main/index/manifest.json (attempt 3)
[WARNING] birdnet_uploader.repo_service: HEAD https://huggingface.co/datasets/jrrribeiro/ppbio_teste3/resolve/main/index/manifest.json failed on attempt 3: HTTPSConnectionPool(host='huggingface.co', port=443): Read timed out. (read timeout=5)
[WARNING] birdnet_uploader.repo_service: Manifest check failed for jrrribeiro/ppbio_teste3, but repo exists so upload can continue: HTTPSConnectionPool(host='huggingface.co', port=443): Read timed out. (read timeout=5)
[WARNING] huggingface_hub.utils._http: '[WinError 10060] Uma tentativa de conex├úo falhou porque o componente conectado n├úo respondeu

corretamente ap├│s um per├¡odo de tempo ou a conex├úo estabelecida falhou

porque o host conectado n├úo respondeu' thrown while requesting POST https://huggingface.co/api/datasets/jrrribeiro/ppbio_teste3/preupload/main
[WARNING] huggingface_hub.utils._http: Retrying in 0.5s [Retry 1/1].
'[WinError 10060] Uma tentativa de conex├úo falhou porque o componente conectado n├úo respondeu

corretamente ap├│s um per├¡odo de tempo ou a conex├úo estabelecida falhou

porque o host conectado n├úo respondeu' thrown while requesting POST https://huggingface.co/api/datasets/jrrribeiro/ppbio_teste3/preupload/main
Retrying in 0.5s [Retry 1/1].
'[WinError 10060] Uma tentativa de conex├úo falhou porque o componente conectado n├úo respondeu

corretamente ap├│s um per├¡odo de tempo ou a conex├úo estabelecida falhou

porque o host conectado n├úo respondeu' thrown while requesting POST https://huggingface.co/api/datasets/jrrribeiro/ppbio_teste3/preupload/main
[WARNING] huggingface_hub.utils._http: '[WinError 10060] Uma tentativa de conex├úo falhou porque o componente conectado n├úo respondeu

corretamente ap├│s um per├¡odo de tempo ou a conex├úo estabelecida falhou

porque o host conectado n├úo respondeu' thrown while requesting POST https://huggingface.co/api/datasets/jrrribeiro/ppbio_teste3/preupload/main
Error: Manifest upload failed: [WinError 10060] Uma tentativa de conex├úo falhou porque o componente conectado n├úo respondeu

corretamente ap├│s um per├¡odo de tempo ou a conex├úo estabelecida falhou

porque o host conectado n├úo respondeu
