[DEBUG] Verbose logging enabled
Found 1 audio files (18 bytes) under tests/dry_segments
[DEBUG] Species breakdown: ['test']
[INFO] birdnet_uploader.repo_service: GET https://huggingface.co/api/datasets/jrrribeiro/ppbio_teste4 (attempt 1)
[DEBUG] urllib3.connectionpool: Starting new HTTPS connection (1): huggingface.co:443
[WARNING] birdnet_uploader.repo_service: GET https://huggingface.co/api/datasets/jrrribeiro/ppbio_teste4 failed on attempt 1: HTTPSConnectionPool(host='huggingface.co', port=443): Read timed out. (read timeout=5)
[INFO] birdnet_uploader.repo_service: GET https://huggingface.co/api/datasets/jrrribeiro/ppbio_teste4 (attempt 2)
[DEBUG] urllib3.connectionpool: Starting new HTTPS connection (1): huggingface.co:443
[DEBUG] urllib3.connectionpool: https://huggingface.co:443 "GET /api/datasets/jrrribeiro/ppbio_teste4 HTTP/1.1" 200 569
[INFO] birdnet_uploader.repo_service: GET https://huggingface.co/api/datasets/jrrribeiro/ppbio_teste4 -> 200 in 0.45s
[INFO] birdnet_uploader.repo_service: HEAD https://huggingface.co/datasets/jrrribeiro/ppbio_teste4/resolve/main/index/manifest.json (attempt 1)
[DEBUG] urllib3.connectionpool: Starting new HTTPS connection (1): huggingface.co:443
[WARNING] birdnet_uploader.repo_service: HEAD https://huggingface.co/datasets/jrrribeiro/ppbio_teste4/resolve/main/index/manifest.json failed on attempt 1: HTTPSConnectionPool(host='huggingface.co', port=443): Read timed out. (read timeout=5)
[INFO] birdnet_uploader.repo_service: HEAD https://huggingface.co/datasets/jrrribeiro/ppbio_teste4/resolve/main/index/manifest.json (attempt 2)
[DEBUG] urllib3.connectionpool: Starting new HTTPS connection (1): huggingface.co:443
[DEBUG] urllib3.connectionpool: https://huggingface.co:443 "HEAD /datasets/jrrribeiro/ppbio_teste4/resolve/main/index/manifest.json HTTP/1.1" 200 0
[INFO] birdnet_uploader.repo_service: HEAD https://huggingface.co/datasets/jrrribeiro/ppbio_teste4/resolve/main/index/manifest.json -> 200 in 0.68s
[DEBUG] huggingface_hub.hf_api: About to commit to the hub: 1 addition(s), 0 copie(s) and 0 deletion(s).
About to commit to the hub: 1 addition(s), 0 copie(s) and 0 deletion(s).
Request 030148cb-f954-4dc3-af61-a52953f1a92c: POST https://huggingface.co/api/datasets/jrrribeiro/ppbio_teste4/preupload/main (authenticated: True)
[DEBUG] huggingface_hub.utils._http: Request 030148cb-f954-4dc3-af61-a52953f1a92c: POST https://huggingface.co/api/datasets/jrrribeiro/ppbio_teste4/preupload/main (authenticated: True)
[DEBUG] urllib3.connectionpool: Starting new HTTPS connection (1): huggingface.co:443
[DEBUG] urllib3.connectionpool: https://huggingface.co:443 "POST /api/datasets/jrrribeiro/ppbio_teste4/preupload/main HTTP/1.1" 200 190
[DEBUG] huggingface_hub._commit_api: No LFS files to upload.
No LFS files to upload.
Request 26a68727-db1d-4308-8ee2-75b082d5368c: POST https://huggingface.co/api/datasets/jrrribeiro/ppbio_teste4/commit/main (authenticated: True)
[DEBUG] huggingface_hub.utils._http: Request 26a68727-db1d-4308-8ee2-75b082d5368c: POST https://huggingface.co/api/datasets/jrrribeiro/ppbio_teste4/commit/main (authenticated: True)
[DEBUG] urllib3.connectionpool: https://huggingface.co:443 "POST /api/datasets/jrrribeiro/ppbio_teste4/commit/main HTTP/1.1" 200 205
Manifest uploaded: index/manifest.json
Starting upload of audio files...
[DEBUG] huggingface_hub.utils._http: Request 022fce3b-6fa1-4968-8f11-4ea5d993ac14: GET https://huggingface.co/api/datasets/jrrribeiro/ppbio_teste4/tree/main?recursive=True&expand=False (authenticated: True)
Request 022fce3b-6fa1-4968-8f11-4ea5d993ac14: GET https://huggingface.co/api/datasets/jrrribeiro/ppbio_teste4/tree/main?recursive=True&expand=False (authenticated: True)
[DEBUG] urllib3.connectionpool: Starting new HTTPS connection (1): huggingface.co:443
[DEBUG] urllib3.connectionpool: https://huggingface.co:443 "GET /api/datasets/jrrribeiro/ppbio_teste4/tree/main?recursive=True&expand=False HTTP/1.1" 200 None
